<?xml version="1.0" encoding="UTF-8"?>
<!-- Generated by org.testng.reporters.JUnitXMLReporter -->
<testsuite ignored="1" hostname="Manjushree" failures="0" tests="1" name="Default test" time="231.129" errors="0" timestamp="2021-02-19T13:19:47 IST">
  <testcase classname="com.FreeCRM.testcases.MediaPageTest" name="VerifyMediaTabPageisdisplayed" time="4.408"/>
  <testcase classname="com.FreeCRM.testcases.MediaPageTest" name="VerifyMediaItemsDropDownValues" time="0.0">
    <ignored/>
  </testcase> <!-- VerifyMediaItemsDropDownValues -->
</testsuite> <!-- Default test -->
