<?xml version="1.0" encoding="UTF-8"?>
<!-- Generated by org.testng.reporters.JUnitXMLReporter -->
<testsuite ignored="2" hostname="Manjushree" failures="0" tests="8" name="WordPress application testcases" time="343.549" errors="0" timestamp="2021-03-07T17:27:45 IST">
  <testcase classname="com.FreeCRM.testcases.LoginPageTest" name="LoginPageTitleTest" time="0.493"/>
  <testcase classname="com.FreeCRM.testcases.HomePageTest" name="VerifyHomePageTitle" time="0.067"/>
  <testcase classname="com.FreeCRM.testcases.MediaPageTest" name="VerifyMediaTabPageisdisplayed" time="0.451"/>
  <testcase classname="com.FreeCRM.testcases.LoginPageTest" name="LogoTest" time="0.063"/>
  <testcase classname="com.FreeCRM.testcases.HomePageTest" name="VerifyHelpTextisDisplayed" time="0.068"/>
  <testcase classname="com.FreeCRM.testcases.HomePageTest" name="VerifyMediaidDisplayed" time="5.216"/>
  <testcase classname="com.FreeCRM.testcases.LoginPageTest" name="LoginTest" time="10.133"/>
  <testcase classname="com.FreeCRM.testcases.HomePageTest" name="ClickOnUserCreation" time="4.616"/>
  <testcase classname="com.FreeCRM.testcases.MediaPageTest" name="VerifyMediaItemsDropDownValues" time="0.0">
    <ignored/>
  </testcase> <!-- VerifyMediaItemsDropDownValues -->
  <testcase classname="com.FreeCRM.testcases.UserPageTest" name="ValidateNewUserCreation" time="0.0">
    <ignored/>
  </testcase> <!-- ValidateNewUserCreation -->
</testsuite> <!-- WordPress application testcases -->
