<?xml version="1.0" encoding="UTF-8"?>
<!-- Generated by org.testng.reporters.JUnitXMLReporter -->
<testsuite ignored="2" hostname="Manjushree" failures="0" tests="8" name="WordPress application testcases" time="103.14" errors="0" timestamp="2021-02-18T14:53:23 IST">
  <testcase classname="com.FreeCRM.testcases.LoginPageTest" name="LoginPageTitleTest" time="0.048"/>
  <testcase classname="com.FreeCRM.testcases.HomePageTest" name="VerifyHomePageTitle" time="0.021"/>
  <testcase classname="com.FreeCRM.testcases.MediaPageTest" name="VerifyMediaTabPageisdisplayed" time="0.127"/>
  <testcase classname="com.FreeCRM.testcases.LoginPageTest" name="LogoTest" time="0.098"/>
  <testcase classname="com.FreeCRM.testcases.HomePageTest" name="VerifyHelpTextisDisplayed" time="0.059"/>
  <testcase classname="com.FreeCRM.testcases.HomePageTest" name="VerifyMediaidDisplayed" time="3.074"/>
  <testcase classname="com.FreeCRM.testcases.LoginPageTest" name="LoginTest" time="5.017"/>
  <testcase classname="com.FreeCRM.testcases.HomePageTest" name="ClickOnUserCreation" time="2.734"/>
  <testcase classname="com.FreeCRM.testcases.MediaPageTest" name="VerifyMediaItemsDropDownValues" time="0.0">
    <ignored/>
  </testcase> <!-- VerifyMediaItemsDropDownValues -->
  <testcase classname="com.FreeCRM.testcases.UserPageTest" name="ValidateNewUserCreation" time="0.0">
    <ignored/>
  </testcase> <!-- ValidateNewUserCreation -->
</testsuite> <!-- WordPress application testcases -->
