<?xml version="1.0" encoding="UTF-8"?>
<testsuite xmlns:xsi="http://www.w3.org/2001/XMLSchema-instance" xsi:schemaLocation="https://maven.apache.org/surefire/maven-surefire-plugin/xsd/surefire-test-report.xsd" name="TestSuite" time="355.681" tests="8" errors="0" skipped="0" failures="0">
  <properties>
[...]
</properties>
  <testcase name="LoginPageTitleTest" classname="com.FreeCRM.testcases.LoginPageTest" time="0.5"/>
  <testcase name="VerifyHomePageTitle" classname="com.FreeCRM.testcases.HomePageTest" time="0.07"/>
  <testcase name="VerifyMediaTabPageisdisplayed" classname="com.FreeCRM.testcases.MediaPageTest" time="0.452"/>
  <testcase name="LogoTest" classname="com.FreeCRM.testcases.LoginPageTest" time="0.065"/>
  <testcase name="VerifyHelpTextisDisplayed" classname="com.FreeCRM.testcases.HomePageTest" time="0.068"/>
  <testcase name="VerifyMediaidDisplayed" classname="com.FreeCRM.testcases.HomePageTest" time="5.215"/>
  <testcase name="LoginTest" classname="com.FreeCRM.testcases.LoginPageTest" time="10.133"/>
  <testcase name="ClickOnUserCreation" classname="com.FreeCRM.testcases.HomePageTest" time="4.618"/>
</testsuite>