<?xml version="1.0" encoding="UTF-8"?>
<!-- Generated by org.testng.reporters.JUnitXMLReporter -->
<testsuite ignored="2" hostname="Manjushree" failures="0" tests="8" name="Command line test" time="247.856" errors="0" timestamp="2021-02-18T16:06:48 IST">
  <testcase classname="com.FreeCRM.testcases.HomePageTest" name="VerifyHomePageTitle" time="0.369"/>
  <testcase classname="com.FreeCRM.testcases.LoginPageTest" name="LoginPageTitleTest" time="0.011"/>
  <testcase classname="com.FreeCRM.testcases.MediaPageTest" name="VerifyMediaTabPageisdisplayed" time="1.438"/>
  <testcase classname="com.FreeCRM.testcases.HomePageTest" name="VerifyHelpTextisDisplayed" time="0.05"/>
  <testcase classname="com.FreeCRM.testcases.LoginPageTest" name="LogoTest" time="0.057"/>
  <testcase classname="com.FreeCRM.testcases.HomePageTest" name="VerifyMediaidDisplayed" time="6.87"/>
  <testcase classname="com.FreeCRM.testcases.HomePageTest" name="ClickOnUserCreation" time="3.747"/>
  <testcase classname="com.FreeCRM.testcases.LoginPageTest" name="LoginTest" time="6.386"/>
  <testcase classname="com.FreeCRM.testcases.MediaPageTest" name="VerifyMediaItemsDropDownValues" time="0.0">
    <ignored/>
  </testcase> <!-- VerifyMediaItemsDropDownValues -->
  <testcase classname="com.FreeCRM.testcases.UserPageTest" name="ValidateNewUserCreation" time="0.0">
    <ignored/>
  </testcase> <!-- ValidateNewUserCreation -->
</testsuite> <!-- Command line test -->
